<?xml version="1.0" encoding="UTF-8"?>
<!-- Generated by org.testng.reporters.JUnitXMLReporter -->
<testsuite hostname="USER-20160525XQ" ignored="0" name="test1" tests="3" failures="0" timestamp="27 九月 2017 12:14:47 GMT" time="27.563" errors="0">
  <testcase name="loginSuccess" time="10.659" classname="com.witontek.ehospital2.test.LoginTest"/>
  <testcase name="loginFail" time="4.806" classname="com.witontek.ehospital2.test.LoginTest"/>
  <testcase name="loginFail" time="1.145" classname="com.witontek.ehospital2.test.LoginTest"/>
</testsuite> <!-- test1 -->
