<?xml version="1.0" encoding="UTF-8"?>
<!-- Generated by org.testng.reporters.JUnitXMLReporter -->
<testsuite hostname="USER-20160525XQ" ignored="0" name="Command line test" tests="12" failures="3" timestamp="13 十一月 2017 03:22:12 GMT" time="175.993" errors="0">
  <testcase name="insertDepartmentsCategory" time="15.439" classname="com.witontek.ehospital2.test.DepartmentManageTest">
    <failure type="java.lang.AssertionError" message="故意断言失败，并中断执行此用例 expected [2] but found [1]">
      <![CDATA[java.lang.AssertionError: 故意断言失败，并中断执行此用例 expected [2] but found [1]
	at com.witontek.ehospital2.base.Log.errorShot(Log.java:49)
	at com.witontek.ehospital2.base.WebElementsUtils.getElement(WebElementsUtils.java:31)
	at com.witontek.ehospital2.base.WebElementsUtils$1.apply(WebElementsUtils.java:57)
	at com.witontek.ehospital2.base.WebElementsUtils$1.apply(WebElementsUtils.java:54)
	at org.openqa.selenium.support.ui.FluentWait.until(FluentWait.java:209)
	at com.witontek.ehospital2.base.WebElementsUtils.findElement(WebElementsUtils.java:54)
	at com.witontek.ehospital2.base.WebElementsUtils.click(WebElementsUtils.java:69)
	at com.witontek.ehospital2.page.DepartmentManagePage.clickDepManLastPageButton(DepartmentManagePage.java:265)
	at com.witontek.ehospital2.business.DepartmentMange.insertDepartmentsCategory(DepartmentMange.java:59)
	at com.witontek.ehospital2.test.DepartmentManageTest.insertDepartmentsCategory(DepartmentManageTest.java:57)
... Removed 40 stack frames]]>
    </failure>
  </testcase> <!-- insertDepartmentsCategory -->
  <testcase name="moveDownDepartmentCategory" time="2.12" classname="com.witontek.ehospital2.test.DepartmentManageTest"/>
  <testcase name="searchDepartmentCategoryByName" time="0.929" classname="com.witontek.ehospital2.test.DepartmentManageTest"/>
  <testcase name="moveTopDepartmentCategory" time="0.0" classname="com.witontek.ehospital2.test.DepartmentManageTest">
    <skipped/>
  </testcase> <!-- moveTopDepartmentCategory -->
  <testcase name="moveUpDepartmentCategory" time="2.12" classname="com.witontek.ehospital2.test.DepartmentManageTest"/>
  <testcase name="updateDepartmentCategory" time="0.0" classname="com.witontek.ehospital2.test.DepartmentManageTest">
    <skipped/>
  </testcase> <!-- updateDepartmentCategory -->
  <testcase name="deleteDepartmentCategory" time="0.0" classname="com.witontek.ehospital2.test.DepartmentManageTest">
    <skipped/>
  </testcase> <!-- deleteDepartmentCategory -->
  <testcase name="searchDocManDoctor" time="1.202" classname="com.witontek.ehospital2.test.DoctorManageTest">
    <failure type="java.lang.AssertionError" message="故意断言失败，并中断执行此用例 expected [2] but found [1]">
      <![CDATA[java.lang.AssertionError: 故意断言失败，并中断执行此用例 expected [2] but found [1]
	at com.witontek.ehospital2.base.Log.errorShot(Log.java:49)
	at com.witontek.ehospital2.base.WebElementsUtils.click(WebElementsUtils.java:71)
	at com.witontek.ehospital2.page.MainPage.clickDoctorManageButton(MainPage.java:114)
	at com.witontek.ehospital2.business.DoctorManage.searchDocManDoctor(DoctorManage.java:17)
	at com.witontek.ehospital2.test.DoctorManageTest.searchDocManDoctor(DoctorManageTest.java:31)
... Removed 40 stack frames]]>
    </failure>
  </testcase> <!-- searchDocManDoctor -->
  <testcase name="updateHospitalInformation" time="4.334" classname="com.witontek.ehospital2.test.HospitalInformationTest"/>
  <testcase name="loginSuccess" time="14.704" classname="com.witontek.ehospital2.test.LoginTest"/>
  <testcase name="searchSecondDepartmentsByName" time="3.518" classname="com.witontek.ehospital2.test.SecondLevelDepartmentTest">
    <failure type="java.lang.AssertionError" message="故意断言失败，并中断执行此用例 expected [2] but found [1]">
      <![CDATA[java.lang.AssertionError: 故意断言失败，并中断执行此用例 expected [2] but found [1]
	at com.witontek.ehospital2.base.Log.errorShot(Log.java:49)
	at com.witontek.ehospital2.base.WebElementsUtils.getElement(WebElementsUtils.java:44)
	at com.witontek.ehospital2.base.WebElementsUtils$1.apply(WebElementsUtils.java:57)
	at com.witontek.ehospital2.base.WebElementsUtils$1.apply(WebElementsUtils.java:54)
	at org.openqa.selenium.support.ui.FluentWait.until(FluentWait.java:209)
	at com.witontek.ehospital2.base.WebElementsUtils.findElement(WebElementsUtils.java:54)
	at com.witontek.ehospital2.base.WebElementsUtils.getText(WebElementsUtils.java:118)
	at com.witontek.ehospital2.page.SecondLevelDepartmentPage.getSecLevFirstDepartmentName(SecondLevelDepartmentPage.java:162)
	at com.witontek.ehospital2.business.SecondLevelDepartment.searchSecondDepartmentsByName(SecondLevelDepartment.java:23)
	at com.witontek.ehospital2.test.SecondLevelDepartmentTest.searchSecondDepartmentsByName(SecondLevelDepartmentTest.java:32)
... Removed 40 stack frames]]>
    </failure>
  </testcase> <!-- searchSecondDepartmentsByName -->
  <testcase name="selectSubscriptionDate" time="4.717" classname="com.witontek.ehospital2.test.SubscriptionManageTest"/>
</testsuite> <!-- Command line test -->
