<?xml version="1.0" encoding="UTF-8"?>
<!-- Generated by org.testng.reporters.JUnitXMLReporter -->
<testsuite hostname="DESKTOP-26I71CM" ignored="0" name="Command line test" tests="5" failures="0" timestamp="08 十一月 2017 16:54:49 GMT" time="202.478" errors="0">
  <testcase name="searchDepManDepartment" time="5.846" classname="com.witontek.ehospital2.test.DepartmentManageTest"/>
  <testcase name="searchDocManDoctor" time="4.317" classname="com.witontek.ehospital2.test.DoctorManageTest"/>
  <testcase name="updateHospitalInformation" time="6.199" classname="com.witontek.ehospital2.test.HospitalInformationTest"/>
  <testcase name="loginSuccess" time="18.707" classname="com.witontek.ehospital2.test.LoginTest"/>
  <testcase name="selectSubscriptionDate" time="4.602" classname="com.witontek.ehospital2.test.SubscriptionManageTest"/>
</testsuite> <!-- Command line test -->
