main 2017-12-03 20:16:50:104 [ERROR] com.witontek.ehospital2.base.ExcelUtils:¶ÁÈ¡departmentCategoryManage.xlsxÎÄ¼şÖĞinsertCategory±íµ¥Ê§°Ü,±¨´íĞÅÏ¢£ºCan't open the specified file input stream from file: 'D:\java\workspace\ehospital2_auto\testCase\sqsrmyyadmin\departmentCategoryManage.xlsx'
main 2017-12-03 20:16:57:745 [ERROR] com.witontek.ehospital2.base.ExcelUtils:¶ÁÈ¡departmentCategoryManage.xlsxÎÄ¼şÖĞdeleteCategory±íµ¥Ê§°Ü,±¨´íĞÅÏ¢£ºCan't open the specified file input stream from file: 'D:\java\workspace\ehospital2_auto\testCase\sqsrmyyadmin\departmentCategoryManage.xlsx'
main 2017-12-03 20:19:07:631 [ERROR] com.witontek.ehospital2.base.WebElementsUtils:²éÕÒ×îÄ©Ò³°´Å¥µÄÍøÒ³ÔªËØÊ±³ö´í,±¨´íĞÅÏ¢£ºno such element: Unable to locate element: {"method":"xpath","selector":"//div[@class='page form-ctrl']/div[2]/a[4]"}
  (Session info: chrome=60.0.3112.113)
  (Driver info: chromedriver=2.33.506120 (e3e53437346286c0bc2d2dc9aa4915ba81d9023f),platform=Windows NT 10.0.15063 x86_64) (WARNING: The server did not provide any stacktrace information)
Command duration or timeout: 10.09 seconds
For documentation on this error, please visit: http://seleniumhq.org/exceptions/no_such_element.html
Build info: version: '3.4.0', revision: 'unknown', time: 'unknown'
System info: host: 'DESKTOP-26I71CM', ip: '192.168.1.9', os.name: 'Windows 10', os.arch: 'amd64', os.version: '10.0', java.version: '1.8.0_144'
Driver info: org.openqa.selenium.chrome.ChromeDriver
Capabilities [{applicationCacheEnabled=false, rotatable=false, mobileEmulationEnabled=false, networkConnectionEnabled=false, chrome={chromedriverVersion=2.33.506120 (e3e53437346286c0bc2d2dc9aa4915ba81d9023f), userDataDir=C:\Users\ningjing\AppData\Local\Temp\scoped_dir8348_3259}, takesHeapSnapshot=true, pageLoadStrategy=normal, databaseEnabled=false, handlesAlerts=true, hasTouchScreen=false, version=60.0.3112.113, platform=XP, browserConnectionEnabled=false, nativeEvents=true, acceptSslCerts=true, locationContextEnabled=true, webStorageEnabled=true, browserName=chrome, takesScreenshot=true, javascriptEnabled=true, cssSelectorsEnabled=true, setWindowRect=true, unexpectedAlertBehaviour=}]
Session ID: 3161ec9820813c481a9707995e2fd7fc
*** Element info: {Using=xpath, value=//div[@class='page form-ctrl']/div[2]/a[4]}
main 2017-12-03 20:20:36:164 [ERROR] com.witontek.ehospital2.base.WebElementsUtils:²éÕÒ×îÄ©Ò³°´Å¥µÄÍøÒ³ÔªËØÊ±³ö´í,±¨´íĞÅÏ¢£ºno such element: Unable to locate element: {"method":"xpath","selector":"//div[@class='page form-ctrl']/div[2]/a[4]"}
  (Session info: chrome=60.0.3112.113)
  (Driver info: chromedriver=2.33.506120 (e3e53437346286c0bc2d2dc9aa4915ba81d9023f),platform=Windows NT 10.0.15063 x86_64) (WARNING: The server did not provide any stacktrace information)
Command duration or timeout: 10.09 seconds
For documentation on this error, please visit: http://seleniumhq.org/exceptions/no_such_element.html
Build info: version: '3.4.0', revision: 'unknown', time: 'unknown'
System info: host: 'DESKTOP-26I71CM', ip: '192.168.1.9', os.name: 'Windows 10', os.arch: 'amd64', os.version: '10.0', java.version: '1.8.0_144'
Driver info: org.openqa.selenium.chrome.ChromeDriver
Capabilities [{applicationCacheEnabled=false, rotatable=false, mobileEmulationEnabled=false, networkConnectionEnabled=false, chrome={chromedriverVersion=2.33.506120 (e3e53437346286c0bc2d2dc9aa4915ba81d9023f), userDataDir=C:\Users\ningjing\AppData\Local\Temp\scoped_dir13908_28137}, takesHeapSnapshot=true, pageLoadStrategy=normal, databaseEnabled=false, handlesAlerts=true, hasTouchScreen=false, version=60.0.3112.113, platform=XP, browserConnectionEnabled=false, nativeEvents=true, acceptSslCerts=true, locationContextEnabled=true, webStorageEnabled=true, browserName=chrome, takesScreenshot=true, javascriptEnabled=true, cssSelectorsEnabled=true, setWindowRect=true, unexpectedAlertBehaviour=}]
Session ID: acb792e124275183340aac83dfee7f5a
*** Element info: {Using=xpath, value=//div[@class='page form-ctrl']/div[2]/a[4]}
main 2017-12-03 20:26:39:725 [ERROR] com.witontek.ehospital2.base.WebElementsUtils:²éÕÒ×îÄ©Ò³°´Å¥µÄÍøÒ³ÔªËØÊ±³ö´í,±¨´íĞÅÏ¢£ºno such element: Unable to locate element: {"method":"xpath","selector":"//div[@class='page form-ctrl']/div[2]/a[4]"}
  (Session info: chrome=60.0.3112.113)
  (Driver info: chromedriver=2.33.506120 (e3e53437346286c0bc2d2dc9aa4915ba81d9023f),platform=Windows NT 10.0.15063 x86_64) (WARNING: The server did not provide any stacktrace information)
Command duration or timeout: 10.06 seconds
For documentation on this error, please visit: http://seleniumhq.org/exceptions/no_such_element.html
Build info: version: '3.4.0', revision: 'unknown', time: 'unknown'
System info: host: 'DESKTOP-26I71CM', ip: '192.168.1.9', os.name: 'Windows 10', os.arch: 'amd64', os.version: '10.0', java.version: '1.8.0_144'
Driver info: org.openqa.selenium.chrome.ChromeDriver
Capabilities [{applicationCacheEnabled=false, rotatable=false, mobileEmulationEnabled=false, networkConnectionEnabled=false, chrome={chromedriverVersion=2.33.506120 (e3e53437346286c0bc2d2dc9aa4915ba81d9023f), userDataDir=C:\Users\ningjing\AppData\Local\Temp\scoped_dir14588_23669}, takesHeapSnapshot=true, pageLoadStrategy=normal, databaseEnabled=false, handlesAlerts=true, hasTouchScreen=false, version=60.0.3112.113, platform=XP, browserConnectionEnabled=false, nativeEvents=true, acceptSslCerts=true, locationContextEnabled=true, webStorageEnabled=true, browserName=chrome, takesScreenshot=true, javascriptEnabled=true, cssSelectorsEnabled=true, setWindowRect=true, unexpectedAlertBehaviour=}]
Session ID: 4a61b3d60c91bd074497a57a3537302c
*** Element info: {Using=xpath, value=//div[@class='page form-ctrl']/div[2]/a[4]}
main 2017-12-03 20:32:26:256 [ERROR] com.witontek.ehospital2.base.DatabaseUtils:´ÓÊı¾İ¿âÉ¾³ıÊı¾İ³ö´í£¬±¨´íĞÅÏ¢£ºnull
main 2017-12-03 20:46:19:327 [ERROR] com.witontek.ehospital2.base.WebElementsUtils:æŸ¥æ‰¾äºŒçº§ç§‘å®¤ç®¡ç†-åºå·1çš„äºŒçº§ç§‘å®¤åç§°çš„ç½‘é¡µå…ƒç´ æ—¶å‡ºé”™,æŠ¥é”™ä¿¡æ¯ï¼šno such element: Unable to locate element: {"method":"xpath","selector":"//div[@class='second-department-list']/div[4]/ul[2]/li[2]"}
  (Session info: chrome=62.0.3202.94)
  (Driver info: chromedriver=2.33.506120 (e3e53437346286c0bc2d2dc9aa4915ba81d9023f),platform=Windows NT 10.0.14393 x86_64) (WARNING: The server did not provide any stacktrace information)
Command duration or timeout: 10.03 seconds
For documentation on this error, please visit: http://seleniumhq.org/exceptions/no_such_element.html
Build info: version: '3.4.0', revision: 'unknown', time: 'unknown'
System info: host: 'USER-20160525XQ', ip: '192.168.1.150', os.name: 'Windows 10', os.arch: 'amd64', os.version: '10.0', java.version: '1.8.0_121'
Driver info: org.openqa.selenium.chrome.ChromeDriver
Capabilities [{applicationCacheEnabled=false, rotatable=false, mobileEmulationEnabled=false, networkConnectionEnabled=false, chrome={chromedriverVersion=2.33.506120 (e3e53437346286c0bc2d2dc9aa4915ba81d9023f), userDataDir=C:\Users\ADMINI~1\AppData\Local\Temp\scoped_dir18812_23459}, takesHeapSnapshot=true, pageLoadStrategy=normal, databaseEnabled=false, handlesAlerts=true, hasTouchScreen=false, version=62.0.3202.94, platform=XP, browserConnectionEnabled=false, nativeEvents=true, acceptSslCerts=true, locationContextEnabled=true, webStorageEnabled=true, browserName=chrome, takesScreenshot=true, javascriptEnabled=true, cssSelectorsEnabled=true, setWindowRect=true, unexpectedAlertBehaviour=}]
Session ID: 9406ec6a27964bc37dd62bf8a5da52f3
*** Element info: {Using=xpath, value=//div[@class='second-department-list']/div[4]/ul[2]/li[2]}
main 2017-12-03 20:46:43:692 [ERROR] com.witontek.ehospital2.base.DatabaseUtils:ä»æ•°æ®åº“åˆ é™¤æ•°æ®å‡ºé”™ï¼ŒæŠ¥é”™ä¿¡æ¯ï¼šnull
main 2017-12-03 20:53:57:168 [ERROR] com.witontek.ehospital2.base.AssertUtils:å®é™…ç»“æœï¼ˆ0ï¼‰ä¸é¢„æœŸç»“æœï¼ˆï¼‰ä¸ç›¸ç­‰ï¼Œæ•°æ®åº“åˆ é™¤äºŒçº§ç§‘å®¤å¤±è´¥
main 2017-12-03 21:05:47:039 [ERROR] com.witontek.ehospital2.base.DatabaseUtils:ä»æ•°æ®åº“åˆ é™¤æ•°æ®å‡ºé”™ï¼ŒæŠ¥é”™ä¿¡æ¯ï¼šnull
main 2017-12-03 23:31:13:637 [ERROR] com.witontek.ehospital2.base.WebElementsUtils:æŸ¥æ‰¾äºŒçº§ç§‘å®¤ç®¡ç†-ç½®é¡¶æŒ‰é’®å¸¦ç´¢å¼•çš„ç½‘é¡µå…ƒç´ æ—¶å‡ºé”™,æŠ¥é”™ä¿¡æ¯ï¼šIndex: 1, Size: 1
main 2017-12-03 23:31:45:267 [ERROR] com.witontek.ehospital2.base.WebElementsUtils:æŸ¥æ‰¾äºŒçº§ç§‘å®¤ç®¡ç†-åºå·1çš„äºŒçº§ç§‘å®¤åç§°çš„ç½‘é¡µå…ƒç´ æ—¶å‡ºé”™,æŠ¥é”™ä¿¡æ¯ï¼šno such element: Unable to locate element: {"method":"xpath","selector":"//div[@class='second-department-list']/div[4]/ul[2]/li[2]"}
  (Session info: chrome=62.0.3202.94)
  (Driver info: chromedriver=2.33.506120 (e3e53437346286c0bc2d2dc9aa4915ba81d9023f),platform=Windows NT 10.0.14393 x86_64) (WARNING: The server did not provide any stacktrace information)
Command duration or timeout: 10.04 seconds
For documentation on this error, please visit: http://seleniumhq.org/exceptions/no_such_element.html
Build info: version: '3.4.0', revision: 'unknown', time: 'unknown'
System info: host: 'USER-20160525XQ', ip: '192.168.1.150', os.name: 'Windows 10', os.arch: 'amd64', os.version: '10.0', java.version: '1.8.0_121'
Driver info: org.openqa.selenium.chrome.ChromeDriver
Capabilities [{applicationCacheEnabled=false, rotatable=false, mobileEmulationEnabled=false, networkConnectionEnabled=false, chrome={chromedriverVersion=2.33.506120 (e3e53437346286c0bc2d2dc9aa4915ba81d9023f), userDataDir=C:\Users\ADMINI~1\AppData\Local\Temp\scoped_dir18092_10169}, takesHeapSnapshot=true, pageLoadStrategy=normal, databaseEnabled=false, handlesAlerts=true, hasTouchScreen=false, version=62.0.3202.94, platform=XP, browserConnectionEnabled=false, nativeEvents=true, acceptSslCerts=true, locationContextEnabled=true, webStorageEnabled=true, browserName=chrome, takesScreenshot=true, javascriptEnabled=true, cssSelectorsEnabled=true, setWindowRect=true, unexpectedAlertBehaviour=}]
Session ID: 5e96d77fc84c19e33d1fb3f735b86b6c
*** Element info: {Using=xpath, value=//div[@class='second-department-list']/div[4]/ul[2]/li[2]}
main 2017-12-03 23:41:24:947 [ERROR] com.witontek.ehospital2.base.DatabaseUtils:ä»æ•°æ®åº“åˆ é™¤æ•°æ®å‡ºé”™ï¼ŒæŠ¥é”™ä¿¡æ¯ï¼šnull
