<?xml version="1.0" encoding="UTF-8"?>
<testng-results skipped="0" failed="0" ignored="3" total="11" passed="8">
  <reporter-output>
    <line>
      <![CDATA[<span style='color:blue'>【info】com.witontek.ehospital2.base.DriverUtils:打开谷歌浏览器</span><br />]]>
    </line>
    <line>
      <![CDATA[<span style='color:blue'>【info】com.witontek.ehospital2.base.ExcelUtils:读取insertDepartmentsCategory.xlsx文件</span><br />]]>
    </line>
    <line>
      <![CDATA[<span style='color:blue'>【info】com.witontek.ehospital2.base.BrowserUtils:打开网址:http://yltest.witontek.com/ehospital3web/web/admin.html#!/</span><br />]]>
    </line>
    <line>
      <![CDATA[<span style='color:blue'>【info】com.witontek.ehospital2.base.WebElementsUtils:在用户名输入框输入：sqsrmyyadmin</span><br />]]>
    </line>
    <line>
      <![CDATA[<span style='color:blue'>【info】com.witontek.ehospital2.base.WebElementsUtils:在密码输入框输入：admin</span><br />]]>
    </line>
    <line>
      <![CDATA[<span style='color:blue'>【info】com.witontek.ehospital2.base.WebElementsUtils:在验证码输入框输入：1111</span><br />]]>
    </line>
    <line>
      <![CDATA[<span style='color:blue'>【info】com.witontek.ehospital2.base.WebElementsUtils:点击登录按钮</span><br />]]>
    </line>
    <line>
      <![CDATA[<span style='color:blue'>【info】com.witontek.ehospital2.base.WebElementsUtils:点击业务信息管理</span><br />]]>
    </line>
    <line>
      <![CDATA[<span style='color:blue'>【info】com.witontek.ehospital2.base.WebElementsUtils:点击科室管理</span><br />]]>
    </line>
    <line>
      <![CDATA[<span style='color:blue'>【info】com.witontek.ehospital2.base.WebElementsUtils:点击科室管理-新增一级科室按钮</span><br />]]>
    </line>
    <line>
      <![CDATA[<span style='color:blue'>【info】com.witontek.ehospital2.base.WebElementsUtils:在新增一级科室-科室名称输入框输入：睿博一级科室</span><br />]]>
    </line>
    <line>
      <![CDATA[<span style='color:blue'>【info】com.witontek.ehospital2.base.WebElementsUtils:在新增一级科室-科室编码输入框输入：123456</span><br />]]>
    </line>
    <line>
      <![CDATA[<span style='color:blue'>【info】com.witontek.ehospital2.base.WebElementsUtils:点击新增一级科室-保存按钮</span><br />]]>
    </line>
    <line>
      <![CDATA[<span style='color:blue'>【info】com.witontek.ehospital2.base.WebElementsUtils:点击科室管理-弹框关闭按钮</span><br />]]>
    </line>
    <line>
      <![CDATA[<span style='color:blue'>【info】com.witontek.ehospital2.base.BrowserUtils:等待1秒</span><br />]]>
    </line>
    <line>
      <![CDATA[<span style='color:blue'>【info】com.witontek.ehospital2.base.WebElementsUtils:点击科室管理-最末页按钮</span><br />]]>
    </line>
    <line>
      <![CDATA[<span style='color:blue'>【info】com.witontek.ehospital2.base.WebElementsUtils:获取科室管理-被验证的新增一级科室名称的文本信息</span><br />]]>
    </line>
    <line>
      <![CDATA[<span style='color:blue'>【info】com.witontek.ehospital2.page.DepartmentManagePage:被验证的新增一级科室名称：睿博一级科室</span><br />]]>
    </line>
    <line>
      <![CDATA[<span style='color:blue'>【info】com.witontek.ehospital2.base.AssertUtils:实际结果（睿博一级科室）与预期结果（睿博一级科室）相等，新增一级科室成功</span><br />]]>
    </line>
    <line>
      <![CDATA[<span style='color:blue'>【info】com.witontek.ehospital2.base.BrowserUtils:打开网址:http://yltest.witontek.com/ehospital3web/web/admin.html#!/</span><br />]]>
    </line>
    <line>
      <![CDATA[<span style='color:blue'>【info】com.witontek.ehospital2.base.WebElementsUtils:在用户名输入框输入：sqsrmyyadmin</span><br />]]>
    </line>
    <line>
      <![CDATA[<span style='color:blue'>【info】com.witontek.ehospital2.base.WebElementsUtils:在密码输入框输入：admin</span><br />]]>
    </line>
    <line>
      <![CDATA[<span style='color:blue'>【info】com.witontek.ehospital2.base.WebElementsUtils:在验证码输入框输入：1111</span><br />]]>
    </line>
    <line>
      <![CDATA[<span style='color:blue'>【info】com.witontek.ehospital2.base.WebElementsUtils:点击登录按钮</span><br />]]>
    </line>
    <line>
      <![CDATA[<span style='color:blue'>【info】com.witontek.ehospital2.base.WebElementsUtils:获取科室管理-序号1的一级科室名称的文本信息</span><br />]]>
    </line>
    <line>
      <![CDATA[<span style='color:blue'>【info】com.witontek.ehospital2.page.DepartmentManagePage:序号为1的一级科室名称：作废科室</span><br />]]>
    </line>
    <line>
      <![CDATA[<span style='color:blue'>【info】com.witontek.ehospital2.base.WebElementsUtils:点击科室管理-最末页按钮</span><br />]]>
    </line>
    <line>
      <![CDATA[<span style='color:blue'>【info】com.witontek.ehospital2.base.WebElementsUtils:点击科室管理-置顶按钮</span><br />]]>
    </line>
    <line>
      <![CDATA[<span style='color:blue'>【info】com.witontek.ehospital2.base.WebElementsUtils:点击科室管理-弹框关闭按钮</span><br />]]>
    </line>
    <line>
      <![CDATA[<span style='color:blue'>【info】com.witontek.ehospital2.base.BrowserUtils:等待1秒</span><br />]]>
    </line>
    <line>
      <![CDATA[<span style='color:blue'>【info】com.witontek.ehospital2.base.WebElementsUtils:点击科室管理-第一页按钮</span><br />]]>
    </line>
    <line>
      <![CDATA[<span style='color:blue'>【info】com.witontek.ehospital2.base.BrowserUtils:等待1秒</span><br />]]>
    </line>
    <line>
      <![CDATA[<span style='color:blue'>【info】com.witontek.ehospital2.base.WebElementsUtils:获取科室管理-序号1的一级科室名称的文本信息</span><br />]]>
    </line>
    <line>
      <![CDATA[<span style='color:blue'>【info】com.witontek.ehospital2.page.DepartmentManagePage:序号为1的一级科室名称：睿博一级科室</span><br />]]>
    </line>
    <line>
      <![CDATA[<span style='color:blue'>【info】com.witontek.ehospital2.business.DepartmentMange:置顶一级科室成功</span><br />]]>
    </line>
    <line>
      <![CDATA[<span style='color:blue'>【info】com.witontek.ehospital2.base.ExcelUtils:读取updateDepartmentCategory.xlsx文件</span><br />]]>
    </line>
    <line>
      <![CDATA[<span style='color:blue'>【info】com.witontek.ehospital2.base.BrowserUtils:打开网址:http://yltest.witontek.com/ehospital3web/web/admin.html#!/</span><br />]]>
    </line>
    <line>
      <![CDATA[<span style='color:blue'>【info】com.witontek.ehospital2.base.WebElementsUtils:在用户名输入框输入：sqsrmyyadmin</span><br />]]>
    </line>
    <line>
      <![CDATA[<span style='color:blue'>【info】com.witontek.ehospital2.base.WebElementsUtils:在密码输入框输入：admin</span><br />]]>
    </line>
    <line>
      <![CDATA[<span style='color:blue'>【info】com.witontek.ehospital2.base.WebElementsUtils:在验证码输入框输入：1111</span><br />]]>
    </line>
    <line>
      <![CDATA[<span style='color:blue'>【info】com.witontek.ehospital2.base.WebElementsUtils:点击登录按钮</span><br />]]>
    </line>
    <line>
      <![CDATA[<span style='color:blue'>【info】com.witontek.ehospital2.base.WebElementsUtils:点击科室管理-编辑按钮</span><br />]]>
    </line>
    <line>
      <![CDATA[<span style='color:blue'>【info】com.witontek.ehospital2.base.WebElementsUtils:清空编辑一级科室-科室名称输入框</span><br />]]>
    </line>
    <line>
      <![CDATA[<span style='color:blue'>【info】com.witontek.ehospital2.base.WebElementsUtils:在编辑一级科室-科室名称输入框输入：睿博一级科室（改）</span><br />]]>
    </line>
    <line>
      <![CDATA[<span style='color:blue'>【info】com.witontek.ehospital2.base.WebElementsUtils:清空编辑一级科室-科室编码输入框</span><br />]]>
    </line>
    <line>
      <![CDATA[<span style='color:blue'>【info】com.witontek.ehospital2.base.WebElementsUtils:在编辑一级科室-科室编码输入框输入：111111</span><br />]]>
    </line>
    <line>
      <![CDATA[<span style='color:blue'>【info】com.witontek.ehospital2.base.WebElementsUtils:点击编辑一级科室-修改按钮</span><br />]]>
    </line>
    <line>
      <![CDATA[<span style='color:blue'>【info】com.witontek.ehospital2.base.WebElementsUtils:点击科室管理-弹框关闭按钮</span><br />]]>
    </line>
    <line>
      <![CDATA[<span style='color:blue'>【info】com.witontek.ehospital2.base.BrowserUtils:等待1秒</span><br />]]>
    </line>
    <line>
      <![CDATA[<span style='color:blue'>【info】com.witontek.ehospital2.base.WebElementsUtils:获取科室管理-序号1的一级科室名称的文本信息</span><br />]]>
    </line>
    <line>
      <![CDATA[<span style='color:blue'>【info】com.witontek.ehospital2.page.DepartmentManagePage:序号为1的一级科室名称：睿博一级科室（改）</span><br />]]>
    </line>
    <line>
      <![CDATA[<span style='color:blue'>【info】com.witontek.ehospital2.base.AssertUtils:实际结果（睿博一级科室（改））与预期结果（睿博一级科室（改））相等，编辑一级科室成功</span><br />]]>
    </line>
    <line>
      <![CDATA[<span style='color:blue'>【info】com.witontek.ehospital2.base.BrowserUtils:打开网址:http://yltest.witontek.com/ehospital3web/web/admin.html#!/</span><br />]]>
    </line>
    <line>
      <![CDATA[<span style='color:blue'>【info】com.witontek.ehospital2.base.WebElementsUtils:在用户名输入框输入：sqsrmyyadmin</span><br />]]>
    </line>
    <line>
      <![CDATA[<span style='color:blue'>【info】com.witontek.ehospital2.base.WebElementsUtils:在密码输入框输入：admin</span><br />]]>
    </line>
    <line>
      <![CDATA[<span style='color:blue'>【info】com.witontek.ehospital2.base.WebElementsUtils:在验证码输入框输入：1111</span><br />]]>
    </line>
    <line>
      <![CDATA[<span style='color:blue'>【info】com.witontek.ehospital2.base.WebElementsUtils:点击登录按钮</span><br />]]>
    </line>
    <line>
      <![CDATA[<span style='color:blue'>【info】com.witontek.ehospital2.base.WebElementsUtils:获取科室管理-总记录数的文本信息</span><br />]]>
    </line>
    <line>
      <![CDATA[<span style='color:blue'>【info】com.witontek.ehospital2.page.DepartmentManagePage:一级科室总数：16</span><br />]]>
    </line>
    <line>
      <![CDATA[<span style='color:blue'>【info】com.witontek.ehospital2.base.WebElementsUtils:点击科室管理-删除按钮</span><br />]]>
    </line>
    <line>
      <![CDATA[<span style='color:blue'>【info】com.witontek.ehospital2.base.WebElementsUtils:点击科室管理-弹框关闭按钮</span><br />]]>
    </line>
    <line>
      <![CDATA[<span style='color:blue'>【info】com.witontek.ehospital2.base.BrowserUtils:等待1秒</span><br />]]>
    </line>
    <line>
      <![CDATA[<span style='color:blue'>【info】com.witontek.ehospital2.base.WebElementsUtils:获取科室管理-总记录数的文本信息</span><br />]]>
    </line>
    <line>
      <![CDATA[<span style='color:blue'>【info】com.witontek.ehospital2.page.DepartmentManagePage:一级科室总数：15</span><br />]]>
    </line>
    <line>
      <![CDATA[<span style='color:blue'>【info】com.witontek.ehospital2.business.DepartmentMange:删除后一级科室总数与删除前不一致，删除一级科室成功</span><br />]]>
    </line>
    <line>
      <![CDATA[<span style='color:blue'>【info】com.witontek.ehospital2.base.BrowserUtils:等待3秒</span><br />]]>
    </line>
    <line>
      <![CDATA[<span style='color:blue'>【info】com.witontek.ehospital2.base.BrowserUtils:退出浏览器</span><br />]]>
    </line>
    <line>
      <![CDATA[<span style='color:blue'>【info】com.witontek.ehospital2.base.DriverUtils:打开谷歌浏览器</span><br />]]>
    </line>
    <line>
      <![CDATA[<span style='color:blue'>【info】com.witontek.ehospital2.base.ExcelUtils:读取searchDocManDoctor.xlsx文件</span><br />]]>
    </line>
    <line>
      <![CDATA[<span style='color:blue'>【info】com.witontek.ehospital2.base.BrowserUtils:打开网址:http://yltest.witontek.com/ehospital3web/web/admin.html#!/</span><br />]]>
    </line>
    <line>
      <![CDATA[<span style='color:blue'>【info】com.witontek.ehospital2.base.WebElementsUtils:在用户名输入框输入：sqsrmyyadmin</span><br />]]>
    </line>
    <line>
      <![CDATA[<span style='color:blue'>【info】com.witontek.ehospital2.base.WebElementsUtils:在密码输入框输入：admin</span><br />]]>
    </line>
    <line>
      <![CDATA[<span style='color:blue'>【info】com.witontek.ehospital2.base.WebElementsUtils:在验证码输入框输入：1111</span><br />]]>
    </line>
    <line>
      <![CDATA[<span style='color:blue'>【info】com.witontek.ehospital2.base.WebElementsUtils:点击登录按钮</span><br />]]>
    </line>
    <line>
      <![CDATA[<span style='color:blue'>【info】com.witontek.ehospital2.base.WebElementsUtils:点击业务信息管理</span><br />]]>
    </line>
    <line>
      <![CDATA[<span style='color:blue'>【info】com.witontek.ehospital2.base.WebElementsUtils:点击医生管理</span><br />]]>
    </line>
    <line>
      <![CDATA[<span style='color:blue'>【info】com.witontek.ehospital2.base.WebElementsUtils:在医生管理-医生名称输入框输入：西</span><br />]]>
    </line>
    <line>
      <![CDATA[<span style='color:blue'>【info】com.witontek.ehospital2.base.WebElementsUtils:点击医生管理-搜索医生按钮</span><br />]]>
    </line>
    <line>
      <![CDATA[<span style='color:blue'>【info】com.witontek.ehospital2.base.BrowserUtils:等待1秒</span><br />]]>
    </line>
    <line>
      <![CDATA[<span style='color:blue'>【info】com.witontek.ehospital2.base.WebElementsUtils:获取医生管理-医生姓名的文本信息</span><br />]]>
    </line>
    <line>
      <![CDATA[<span style='color:blue'>【info】com.witontek.ehospital2.page.DoctorManagePage:医生姓名："贾西贝"</span><br />]]>
    </line>
    <line>
      <![CDATA[<span style='color:blue'>【info】com.witontek.ehospital2.base.AssertUtils:实际结果（贾西贝）包含预期结果（贾西贝），搜索成功</span><br />]]>
    </line>
    <line>
      <![CDATA[<span style='color:blue'>【info】com.witontek.ehospital2.base.BrowserUtils:等待3秒</span><br />]]>
    </line>
    <line>
      <![CDATA[<span style='color:blue'>【info】com.witontek.ehospital2.base.BrowserUtils:退出浏览器</span><br />]]>
    </line>
    <line>
      <![CDATA[<span style='color:blue'>【info】com.witontek.ehospital2.base.DriverUtils:打开谷歌浏览器</span><br />]]>
    </line>
    <line>
      <![CDATA[<span style='color:blue'>【info】com.witontek.ehospital2.base.ExcelUtils:读取updateHospitalInformation.xlsx文件</span><br />]]>
    </line>
    <line>
      <![CDATA[<span style='color:blue'>【info】com.witontek.ehospital2.base.BrowserUtils:打开网址:http://yltest.witontek.com/ehospital3web/web/admin.html#!/</span><br />]]>
    </line>
    <line>
      <![CDATA[<span style='color:blue'>【info】com.witontek.ehospital2.base.WebElementsUtils:在用户名输入框输入：sqsrmyyadmin</span><br />]]>
    </line>
    <line>
      <![CDATA[<span style='color:blue'>【info】com.witontek.ehospital2.base.WebElementsUtils:在密码输入框输入：admin</span><br />]]>
    </line>
    <line>
      <![CDATA[<span style='color:blue'>【info】com.witontek.ehospital2.base.WebElementsUtils:在验证码输入框输入：1111</span><br />]]>
    </line>
    <line>
      <![CDATA[<span style='color:blue'>【info】com.witontek.ehospital2.base.WebElementsUtils:点击登录按钮</span><br />]]>
    </line>
    <line>
      <![CDATA[<span style='color:blue'>【info】com.witontek.ehospital2.base.WebElementsUtils:点击微官网管理</span><br />]]>
    </line>
    <line>
      <![CDATA[<span style='color:blue'>【info】com.witontek.ehospital2.base.WebElementsUtils:点击医院基本信息</span><br />]]>
    </line>
    <line>
      <![CDATA[<span style='color:blue'>【info】com.witontek.ehospital2.base.WebElementsUtils:清空医院信息-医院名称输入框</span><br />]]>
    </line>
    <line>
      <![CDATA[<span style='color:blue'>【info】com.witontek.ehospital2.base.WebElementsUtils:在医院信息-医院名称输入框输入：宿迁市人民医院</span><br />]]>
    </line>
    <line>
      <![CDATA[<span style='color:blue'>【info】com.witontek.ehospital2.base.WebElementsUtils:清空医院信息-取号地点输入框</span><br />]]>
    </line>
    <line>
      <![CDATA[<span style='color:blue'>【info】com.witontek.ehospital2.base.WebElementsUtils:在医院信息-取号地点输入框输入：取号地点</span><br />]]>
    </line>
    <line>
      <![CDATA[<span style='color:blue'>【info】com.witontek.ehospital2.base.WebElementsUtils:清空医院信息-取卡地点输入框</span><br />]]>
    </line>
    <line>
      <![CDATA[<span style='color:blue'>【info】com.witontek.ehospital2.base.WebElementsUtils:在医院信息-取卡地点输入框输入：取卡地点</span><br />]]>
    </line>
    <line>
      <![CDATA[<span style='color:blue'>【info】com.witontek.ehospital2.base.WebElementsUtils:清空医院信息-医院等级输入框</span><br />]]>
    </line>
    <line>
      <![CDATA[<span style='color:blue'>【info】com.witontek.ehospital2.base.WebElementsUtils:在医院信息-医院等级输入框输入：三级甲等</span><br />]]>
    </line>
    <line>
      <![CDATA[<span style='color:blue'>【info】com.witontek.ehospital2.base.WebElementsUtils:点击医院信息-请选择省下拉框</span><br />]]>
    </line>
    <line>
      <![CDATA[<span style='color:blue'>【info】com.witontek.ehospital2.base.WebElementsUtils:点击医院信息-选择省按钮</span><br />]]>
    </line>
    <line>
      <![CDATA[<span style='color:blue'>【info】com.witontek.ehospital2.base.WebElementsUtils:点击医院信息-请选择省下拉框</span><br />]]>
    </line>
    <line>
      <![CDATA[<span style='color:blue'>【info】com.witontek.ehospital2.base.WebElementsUtils:点击医院信息-选择市按钮</span><br />]]>
    </line>
    <line>
      <![CDATA[<span style='color:blue'>【info】com.witontek.ehospital2.base.WebElementsUtils:清空医院信息-医院地址输入框</span><br />]]>
    </line>
    <line>
      <![CDATA[<span style='color:blue'>【info】com.witontek.ehospital2.base.WebElementsUtils:在医院信息-医院地址输入框输入：医院地址</span><br />]]>
    </line>
    <line>
      <![CDATA[<span style='color:blue'>【info】com.witontek.ehospital2.base.WebElementsUtils:清空医院信息-官方网站输入框</span><br />]]>
    </line>
    <line>
      <![CDATA[<span style='color:blue'>【info】com.witontek.ehospital2.base.WebElementsUtils:在医院信息-官方网站输入框输入：https://www.baidu/com</span><br />]]>
    </line>
    <line>
      <![CDATA[<span style='color:blue'>【info】com.witontek.ehospital2.base.WebElementsUtils:清空医院信息-医院电话输入框</span><br />]]>
    </line>
    <line>
      <![CDATA[<span style='color:blue'>【info】com.witontek.ehospital2.base.WebElementsUtils:在医院信息-医院电话输入框输入：17621851286</span><br />]]>
    </line>
    <line>
      <![CDATA[<span style='color:blue'>【info】com.witontek.ehospital2.base.WebElementsUtils:清空医院信息-医院交通输入框</span><br />]]>
    </line>
    <line>
      <![CDATA[<span style='color:blue'>【info】com.witontek.ehospital2.base.WebElementsUtils:在医院信息-医院交通输入框输入：医院交通</span><br />]]>
    </line>
    <line>
      <![CDATA[<span style='color:blue'>【info】com.witontek.ehospital2.base.WebElementsUtils:清空医院信息-医院介绍输入框</span><br />]]>
    </line>
    <line>
      <![CDATA[<span style='color:blue'>【info】com.witontek.ehospital2.base.WebElementsUtils:在医院信息-医院介绍输入框输入：医院简介</span><br />]]>
    </line>
    <line>
      <![CDATA[<span style='color:blue'>【info】com.witontek.ehospital2.base.WebElementsUtils:清空医院信息-经度输入框</span><br />]]>
    </line>
    <line>
      <![CDATA[<span style='color:blue'>【info】com.witontek.ehospital2.base.WebElementsUtils:在医院信息-经度输入框输入：111.111</span><br />]]>
    </line>
    <line>
      <![CDATA[<span style='color:blue'>【info】com.witontek.ehospital2.base.WebElementsUtils:清空医院信息-纬度输入框</span><br />]]>
    </line>
    <line>
      <![CDATA[<span style='color:blue'>【info】com.witontek.ehospital2.base.WebElementsUtils:在医院信息-纬度输入框输入：111.111</span><br />]]>
    </line>
    <line>
      <![CDATA[<span style='color:blue'>【info】com.witontek.ehospital2.base.BrowserUtils:等待3秒</span><br />]]>
    </line>
    <line>
      <![CDATA[<span style='color:blue'>【info】com.witontek.ehospital2.base.BrowserUtils:退出浏览器</span><br />]]>
    </line>
    <line>
      <![CDATA[<span style='color:blue'>【info】com.witontek.ehospital2.base.DriverUtils:打开谷歌浏览器</span><br />]]>
    </line>
    <line>
      <![CDATA[<span style='color:blue'>【info】com.witontek.ehospital2.base.ExcelUtils:读取loginSuccess.xlsx文件</span><br />]]>
    </line>
    <line>
      <![CDATA[<span style='color:blue'>【info】com.witontek.ehospital2.base.BrowserUtils:打开网址:http://yltest.witontek.com/ehospital3web/web/admin.html#!/</span><br />]]>
    </line>
    <line>
      <![CDATA[<span style='color:blue'>【info】com.witontek.ehospital2.base.WebElementsUtils:在用户名输入框输入：sqsrmyyadmin</span><br />]]>
    </line>
    <line>
      <![CDATA[<span style='color:blue'>【info】com.witontek.ehospital2.base.WebElementsUtils:在密码输入框输入：admin</span><br />]]>
    </line>
    <line>
      <![CDATA[<span style='color:blue'>【info】com.witontek.ehospital2.base.WebElementsUtils:在验证码输入框输入：1111</span><br />]]>
    </line>
    <line>
      <![CDATA[<span style='color:blue'>【info】com.witontek.ehospital2.base.WebElementsUtils:点击登录按钮</span><br />]]>
    </line>
    <line>
      <![CDATA[<span style='color:blue'>【info】com.witontek.ehospital2.base.WebElementsUtils:获取用户名的文本信息</span><br />]]>
    </line>
    <line>
      <![CDATA[<span style='color:blue'>【info】com.witontek.ehospital2.base.AssertUtils:实际结果（undefined）与预期结果（undefined）相等，登录成功</span><br />]]>
    </line>
    <line>
      <![CDATA[<span style='color:blue'>【info】com.witontek.ehospital2.base.BrowserUtils:等待3秒</span><br />]]>
    </line>
    <line>
      <![CDATA[<span style='color:blue'>【info】com.witontek.ehospital2.base.BrowserUtils:退出浏览器</span><br />]]>
    </line>
    <line>
      <![CDATA[<span style='color:blue'>【info】com.witontek.ehospital2.base.DriverUtils:打开谷歌浏览器</span><br />]]>
    </line>
    <line>
      <![CDATA[<span style='color:blue'>【info】com.witontek.ehospital2.base.ExcelUtils:读取selectSubscriptionDate.xlsx文件</span><br />]]>
    </line>
    <line>
      <![CDATA[<span style='color:blue'>【info】com.witontek.ehospital2.base.BrowserUtils:打开网址:http://yltest.witontek.com/ehospital3web/web/admin.html#!/</span><br />]]>
    </line>
    <line>
      <![CDATA[<span style='color:blue'>【info】com.witontek.ehospital2.base.WebElementsUtils:在用户名输入框输入：sqsrmyyadmin</span><br />]]>
    </line>
    <line>
      <![CDATA[<span style='color:blue'>【info】com.witontek.ehospital2.base.WebElementsUtils:在密码输入框输入：admin</span><br />]]>
    </line>
    <line>
      <![CDATA[<span style='color:blue'>【info】com.witontek.ehospital2.base.WebElementsUtils:在验证码输入框输入：1111</span><br />]]>
    </line>
    <line>
      <![CDATA[<span style='color:blue'>【info】com.witontek.ehospital2.base.WebElementsUtils:点击登录按钮</span><br />]]>
    </line>
    <line>
      <![CDATA[<span style='color:blue'>【info】com.witontek.ehospital2.base.WebElementsUtils:点击业务信息管理</span><br />]]>
    </line>
    <line>
      <![CDATA[<span style='color:blue'>【info】com.witontek.ehospital2.base.WebElementsUtils:点击预约管理</span><br />]]>
    </line>
    <line>
      <![CDATA[<span style='color:blue'>【info】com.witontek.ehospital2.base.WebElementsUtils:点击预约管理-预约日期-起始日期选择器</span><br />]]>
    </line>
    <line>
      <![CDATA[<span style='color:blue'>【info】com.witontek.ehospital2.base.WebElementsUtils:点击预约管理-切换年/月份按钮</span><br />]]>
    </line>
    <line>
      <![CDATA[<span style='color:blue'>【info】com.witontek.ehospital2.base.WebElementsUtils:点击预约管理-切换年/月份按钮</span><br />]]>
    </line>
    <line>
      <![CDATA[<span style='color:blue'>【info】com.witontek.ehospital2.base.WebElementsUtils:点击预约管理-默认年份按钮</span><br />]]>
    </line>
    <line>
      <![CDATA[<span style='color:blue'>【info】com.witontek.ehospital2.base.WebElementsUtils:点击预约管理-默认月份按钮</span><br />]]>
    </line>
    <line>
      <![CDATA[<span style='color:blue'>【info】com.witontek.ehospital2.base.WebElementsUtils:点击预约管理-默认日期按钮</span><br />]]>
    </line>
    <line>
      <![CDATA[<span style='color:blue'>【info】com.witontek.ehospital2.base.BrowserUtils:等待3秒</span><br />]]>
    </line>
    <line>
      <![CDATA[<span style='color:blue'>【info】com.witontek.ehospital2.base.BrowserUtils:退出浏览器</span><br />]]>
    </line>
  </reporter-output>
  <suite name="Command line suite" duration-ms="161161" started-at="2017-11-13T01:37:59Z" finished-at="2017-11-13T01:40:40Z">
    <groups>
    </groups>
    <test name="Command line test" duration-ms="161161" started-at="2017-11-13T01:37:59Z" finished-at="2017-11-13T01:40:40Z">
      <class name="com.witontek.ehospital2.test.HospitalInformationTest">
        <test-method status="PASS" signature="beforeTest()[pri:0, instance:com.witontek.ehospital2.test.HospitalInformationTest@737996a0]" name="beforeTest" is-config="true" duration-ms="3470" started-at="2017-11-13T09:39:15Z" finished-at="2017-11-13T09:39:18Z">
          <reporter-output>
            <line>
              <![CDATA[<span style='color:blue'>【info】com.witontek.ehospital2.base.DriverUtils:打开谷歌浏览器</span><br />]]>
            </line>
          </reporter-output>
        </test-method> <!-- beforeTest -->
        <test-method status="PASS" signature="beforeMethod()[pri:0, instance:com.witontek.ehospital2.test.HospitalInformationTest@737996a0]" name="beforeMethod" is-config="true" duration-ms="16400" started-at="2017-11-13T09:39:19Z" finished-at="2017-11-13T09:39:35Z">
          <reporter-output>
            <line>
              <![CDATA[<span style='color:blue'>【info】com.witontek.ehospital2.base.BrowserUtils:打开网址:http://yltest.witontek.com/ehospital3web/web/admin.html#!/</span><br />]]>
            </line>
            <line>
              <![CDATA[<span style='color:blue'>【info】com.witontek.ehospital2.base.WebElementsUtils:在用户名输入框输入：sqsrmyyadmin</span><br />]]>
            </line>
            <line>
              <![CDATA[<span style='color:blue'>【info】com.witontek.ehospital2.base.WebElementsUtils:在密码输入框输入：admin</span><br />]]>
            </line>
            <line>
              <![CDATA[<span style='color:blue'>【info】com.witontek.ehospital2.base.WebElementsUtils:在验证码输入框输入：1111</span><br />]]>
            </line>
            <line>
              <![CDATA[<span style='color:blue'>【info】com.witontek.ehospital2.base.WebElementsUtils:点击登录按钮</span><br />]]>
            </line>
          </reporter-output>
        </test-method> <!-- beforeMethod -->
        <test-method status="PASS" signature="updateHospitalInformation(java.lang.String, java.lang.String, java.util.Map)[pri:0, instance:com.witontek.ehospital2.test.HospitalInformationTest@737996a0]" name="updateHospitalInformation" duration-ms="10138" started-at="2017-11-13T09:39:35Z" data-provider="updateHospitalInformation" finished-at="2017-11-13T09:39:45Z">
          <params>
            <param index="0">
              <value>
                <![CDATA[更新医院信息成功]]>
              </value>
            </param>
            <param index="1">
              <value>
                <![CDATA[贾西贝]]>
              </value>
            </param>
            <param index="2">
              <value>
                <![CDATA[{cardAddress=取卡地点, website=https://www.baidu/com, hospitalLevel=三级甲等, latitude=111.111, hospitalAddress=医院地址, hospitalName=宿迁市人民医院, numberAddress=取号地点, hospitalPhone=17621851286, hospitalTraffic=医院交通, hospitalSummary=医院简介, longitude=111.111}]]>
              </value>
            </param>
          </params>
          <reporter-output>
            <line>
              <![CDATA[<span style='color:blue'>【info】com.witontek.ehospital2.base.WebElementsUtils:点击微官网管理</span><br />]]>
            </line>
            <line>
              <![CDATA[<span style='color:blue'>【info】com.witontek.ehospital2.base.WebElementsUtils:点击医院基本信息</span><br />]]>
            </line>
            <line>
              <![CDATA[<span style='color:blue'>【info】com.witontek.ehospital2.base.WebElementsUtils:清空医院信息-医院名称输入框</span><br />]]>
            </line>
            <line>
              <![CDATA[<span style='color:blue'>【info】com.witontek.ehospital2.base.WebElementsUtils:在医院信息-医院名称输入框输入：宿迁市人民医院</span><br />]]>
            </line>
            <line>
              <![CDATA[<span style='color:blue'>【info】com.witontek.ehospital2.base.WebElementsUtils:清空医院信息-取号地点输入框</span><br />]]>
            </line>
            <line>
              <![CDATA[<span style='color:blue'>【info】com.witontek.ehospital2.base.WebElementsUtils:在医院信息-取号地点输入框输入：取号地点</span><br />]]>
            </line>
            <line>
              <![CDATA[<span style='color:blue'>【info】com.witontek.ehospital2.base.WebElementsUtils:清空医院信息-取卡地点输入框</span><br />]]>
            </line>
            <line>
              <![CDATA[<span style='color:blue'>【info】com.witontek.ehospital2.base.WebElementsUtils:在医院信息-取卡地点输入框输入：取卡地点</span><br />]]>
            </line>
            <line>
              <![CDATA[<span style='color:blue'>【info】com.witontek.ehospital2.base.WebElementsUtils:清空医院信息-医院等级输入框</span><br />]]>
            </line>
            <line>
              <![CDATA[<span style='color:blue'>【info】com.witontek.ehospital2.base.WebElementsUtils:在医院信息-医院等级输入框输入：三级甲等</span><br />]]>
            </line>
            <line>
              <![CDATA[<span style='color:blue'>【info】com.witontek.ehospital2.base.WebElementsUtils:点击医院信息-请选择省下拉框</span><br />]]>
            </line>
            <line>
              <![CDATA[<span style='color:blue'>【info】com.witontek.ehospital2.base.WebElementsUtils:点击医院信息-选择省按钮</span><br />]]>
            </line>
            <line>
              <![CDATA[<span style='color:blue'>【info】com.witontek.ehospital2.base.WebElementsUtils:点击医院信息-请选择省下拉框</span><br />]]>
            </line>
            <line>
              <![CDATA[<span style='color:blue'>【info】com.witontek.ehospital2.base.WebElementsUtils:点击医院信息-选择市按钮</span><br />]]>
            </line>
            <line>
              <![CDATA[<span style='color:blue'>【info】com.witontek.ehospital2.base.WebElementsUtils:清空医院信息-医院地址输入框</span><br />]]>
            </line>
            <line>
              <![CDATA[<span style='color:blue'>【info】com.witontek.ehospital2.base.WebElementsUtils:在医院信息-医院地址输入框输入：医院地址</span><br />]]>
            </line>
            <line>
              <![CDATA[<span style='color:blue'>【info】com.witontek.ehospital2.base.WebElementsUtils:清空医院信息-官方网站输入框</span><br />]]>
            </line>
            <line>
              <![CDATA[<span style='color:blue'>【info】com.witontek.ehospital2.base.WebElementsUtils:在医院信息-官方网站输入框输入：https://www.baidu/com</span><br />]]>
            </line>
            <line>
              <![CDATA[<span style='color:blue'>【info】com.witontek.ehospital2.base.WebElementsUtils:清空医院信息-医院电话输入框</span><br />]]>
            </line>
            <line>
              <![CDATA[<span style='color:blue'>【info】com.witontek.ehospital2.base.WebElementsUtils:在医院信息-医院电话输入框输入：17621851286</span><br />]]>
            </line>
            <line>
              <![CDATA[<span style='color:blue'>【info】com.witontek.ehospital2.base.WebElementsUtils:清空医院信息-医院交通输入框</span><br />]]>
            </line>
            <line>
              <![CDATA[<span style='color:blue'>【info】com.witontek.ehospital2.base.WebElementsUtils:在医院信息-医院交通输入框输入：医院交通</span><br />]]>
            </line>
            <line>
              <![CDATA[<span style='color:blue'>【info】com.witontek.ehospital2.base.WebElementsUtils:清空医院信息-医院介绍输入框</span><br />]]>
            </line>
            <line>
              <![CDATA[<span style='color:blue'>【info】com.witontek.ehospital2.base.WebElementsUtils:在医院信息-医院介绍输入框输入：医院简介</span><br />]]>
            </line>
            <line>
              <![CDATA[<span style='color:blue'>【info】com.witontek.ehospital2.base.WebElementsUtils:清空医院信息-经度输入框</span><br />]]>
            </line>
            <line>
              <![CDATA[<span style='color:blue'>【info】com.witontek.ehospital2.base.WebElementsUtils:在医院信息-经度输入框输入：111.111</span><br />]]>
            </line>
            <line>
              <![CDATA[<span style='color:blue'>【info】com.witontek.ehospital2.base.WebElementsUtils:清空医院信息-纬度输入框</span><br />]]>
            </line>
            <line>
              <![CDATA[<span style='color:blue'>【info】com.witontek.ehospital2.base.WebElementsUtils:在医院信息-纬度输入框输入：111.111</span><br />]]>
            </line>
          </reporter-output>
        </test-method> <!-- updateHospitalInformation -->
        <test-method status="PASS" signature="afterTest()[pri:0, instance:com.witontek.ehospital2.test.HospitalInformationTest@737996a0]" name="afterTest" is-config="true" duration-ms="3880" started-at="2017-11-13T09:39:45Z" finished-at="2017-11-13T09:39:49Z">
          <reporter-output>
            <line>
              <![CDATA[<span style='color:blue'>【info】com.witontek.ehospital2.base.BrowserUtils:等待3秒</span><br />]]>
            </line>
            <line>
              <![CDATA[<span style='color:blue'>【info】com.witontek.ehospital2.base.BrowserUtils:退出浏览器</span><br />]]>
            </line>
          </reporter-output>
        </test-method> <!-- afterTest -->
      </class> <!-- com.witontek.ehospital2.test.HospitalInformationTest -->
      <class name="com.witontek.ehospital2.test.LoginTest">
        <test-method status="PASS" signature="beforeTest()[pri:0, instance:com.witontek.ehospital2.test.LoginTest@61dc03ce]" name="beforeTest" is-config="true" duration-ms="3695" started-at="2017-11-13T09:39:49Z" finished-at="2017-11-13T09:39:53Z">
          <reporter-output>
            <line>
              <![CDATA[<span style='color:blue'>【info】com.witontek.ehospital2.base.DriverUtils:打开谷歌浏览器</span><br />]]>
            </line>
          </reporter-output>
        </test-method> <!-- beforeTest -->
        <test-method status="PASS" signature="loginSuccess(java.lang.String, java.lang.String, java.util.Map)[pri:0, instance:com.witontek.ehospital2.test.LoginTest@61dc03ce]" name="loginSuccess" duration-ms="15579" started-at="2017-11-13T09:39:53Z" data-provider="loginSuccess" finished-at="2017-11-13T09:40:08Z">
          <params>
            <param index="0">
              <value>
                <![CDATA[登录成功]]>
              </value>
            </param>
            <param index="1">
              <value>
                <![CDATA[undefined]]>
              </value>
            </param>
            <param index="2">
              <value>
                <![CDATA[{password=admin, userName=sqsrmyyadmin, validation=1111}]]>
              </value>
            </param>
          </params>
          <reporter-output>
            <line>
              <![CDATA[<span style='color:blue'>【info】com.witontek.ehospital2.base.BrowserUtils:打开网址:http://yltest.witontek.com/ehospital3web/web/admin.html#!/</span><br />]]>
            </line>
            <line>
              <![CDATA[<span style='color:blue'>【info】com.witontek.ehospital2.base.WebElementsUtils:在用户名输入框输入：sqsrmyyadmin</span><br />]]>
            </line>
            <line>
              <![CDATA[<span style='color:blue'>【info】com.witontek.ehospital2.base.WebElementsUtils:在密码输入框输入：admin</span><br />]]>
            </line>
            <line>
              <![CDATA[<span style='color:blue'>【info】com.witontek.ehospital2.base.WebElementsUtils:在验证码输入框输入：1111</span><br />]]>
            </line>
            <line>
              <![CDATA[<span style='color:blue'>【info】com.witontek.ehospital2.base.WebElementsUtils:点击登录按钮</span><br />]]>
            </line>
            <line>
              <![CDATA[<span style='color:blue'>【info】com.witontek.ehospital2.base.WebElementsUtils:获取用户名的文本信息</span><br />]]>
            </line>
            <line>
              <![CDATA[<span style='color:blue'>【info】com.witontek.ehospital2.base.AssertUtils:实际结果（undefined）与预期结果（undefined）相等，登录成功</span><br />]]>
            </line>
          </reporter-output>
        </test-method> <!-- loginSuccess -->
        <test-method status="PASS" signature="afterTest()[pri:0, instance:com.witontek.ehospital2.test.LoginTest@61dc03ce]" name="afterTest" is-config="true" duration-ms="3795" started-at="2017-11-13T09:40:08Z" finished-at="2017-11-13T09:40:12Z">
          <reporter-output>
            <line>
              <![CDATA[<span style='color:blue'>【info】com.witontek.ehospital2.base.BrowserUtils:等待3秒</span><br />]]>
            </line>
            <line>
              <![CDATA[<span style='color:blue'>【info】com.witontek.ehospital2.base.BrowserUtils:退出浏览器</span><br />]]>
            </line>
          </reporter-output>
        </test-method> <!-- afterTest -->
      </class> <!-- com.witontek.ehospital2.test.LoginTest -->
      <class name="com.witontek.ehospital2.test.SubscriptionManageTest">
        <test-method status="PASS" signature="beforeTest()[pri:0, instance:com.witontek.ehospital2.test.SubscriptionManageTest@50f8360d]" name="beforeTest" is-config="true" duration-ms="3426" started-at="2017-11-13T09:40:12Z" finished-at="2017-11-13T09:40:16Z">
          <reporter-output>
            <line>
              <![CDATA[<span style='color:blue'>【info】com.witontek.ehospital2.base.DriverUtils:打开谷歌浏览器</span><br />]]>
            </line>
          </reporter-output>
        </test-method> <!-- beforeTest -->
        <test-method status="PASS" signature="beforeMethod()[pri:0, instance:com.witontek.ehospital2.test.SubscriptionManageTest@50f8360d]" name="beforeMethod" is-config="true" duration-ms="15262" started-at="2017-11-13T09:40:16Z" finished-at="2017-11-13T09:40:31Z">
          <reporter-output>
            <line>
              <![CDATA[<span style='color:blue'>【info】com.witontek.ehospital2.base.BrowserUtils:打开网址:http://yltest.witontek.com/ehospital3web/web/admin.html#!/</span><br />]]>
            </line>
            <line>
              <![CDATA[<span style='color:blue'>【info】com.witontek.ehospital2.base.WebElementsUtils:在用户名输入框输入：sqsrmyyadmin</span><br />]]>
            </line>
            <line>
              <![CDATA[<span style='color:blue'>【info】com.witontek.ehospital2.base.WebElementsUtils:在密码输入框输入：admin</span><br />]]>
            </line>
            <line>
              <![CDATA[<span style='color:blue'>【info】com.witontek.ehospital2.base.WebElementsUtils:在验证码输入框输入：1111</span><br />]]>
            </line>
            <line>
              <![CDATA[<span style='color:blue'>【info】com.witontek.ehospital2.base.WebElementsUtils:点击登录按钮</span><br />]]>
            </line>
          </reporter-output>
        </test-method> <!-- beforeMethod -->
        <test-method status="PASS" signature="selectSubscriptionDate(java.lang.String, java.lang.String, java.util.Map)[pri:0, instance:com.witontek.ehospital2.test.SubscriptionManageTest@50f8360d]" name="selectSubscriptionDate" duration-ms="5110" started-at="2017-11-13T09:40:31Z" data-provider="selectSubscriptionDate" finished-at="2017-11-13T09:40:36Z">
          <params>
            <param index="0">
              <value>
                <![CDATA[点击预约日期]]>
              </value>
            </param>
            <param index="1">
              <value>
                <![CDATA[不知道啊]]>
              </value>
            </param>
            <param index="2">
              <value>
                <![CDATA[{}]]>
              </value>
            </param>
          </params>
          <reporter-output>
            <line>
              <![CDATA[<span style='color:blue'>【info】com.witontek.ehospital2.base.WebElementsUtils:点击业务信息管理</span><br />]]>
            </line>
            <line>
              <![CDATA[<span style='color:blue'>【info】com.witontek.ehospital2.base.WebElementsUtils:点击预约管理</span><br />]]>
            </line>
            <line>
              <![CDATA[<span style='color:blue'>【info】com.witontek.ehospital2.base.WebElementsUtils:点击预约管理-预约日期-起始日期选择器</span><br />]]>
            </line>
            <line>
              <![CDATA[<span style='color:blue'>【info】com.witontek.ehospital2.base.WebElementsUtils:点击预约管理-切换年/月份按钮</span><br />]]>
            </line>
            <line>
              <![CDATA[<span style='color:blue'>【info】com.witontek.ehospital2.base.WebElementsUtils:点击预约管理-切换年/月份按钮</span><br />]]>
            </line>
            <line>
              <![CDATA[<span style='color:blue'>【info】com.witontek.ehospital2.base.WebElementsUtils:点击预约管理-默认年份按钮</span><br />]]>
            </line>
            <line>
              <![CDATA[<span style='color:blue'>【info】com.witontek.ehospital2.base.WebElementsUtils:点击预约管理-默认月份按钮</span><br />]]>
            </line>
            <line>
              <![CDATA[<span style='color:blue'>【info】com.witontek.ehospital2.base.WebElementsUtils:点击预约管理-默认日期按钮</span><br />]]>
            </line>
          </reporter-output>
        </test-method> <!-- selectSubscriptionDate -->
        <test-method status="PASS" signature="afterTest()[pri:0, instance:com.witontek.ehospital2.test.SubscriptionManageTest@50f8360d]" name="afterTest" is-config="true" duration-ms="3831" started-at="2017-11-13T09:40:36Z" finished-at="2017-11-13T09:40:40Z">
          <reporter-output>
            <line>
              <![CDATA[<span style='color:blue'>【info】com.witontek.ehospital2.base.BrowserUtils:等待3秒</span><br />]]>
            </line>
            <line>
              <![CDATA[<span style='color:blue'>【info】com.witontek.ehospital2.base.BrowserUtils:退出浏览器</span><br />]]>
            </line>
          </reporter-output>
        </test-method> <!-- afterTest -->
      </class> <!-- com.witontek.ehospital2.test.SubscriptionManageTest -->
      <class name="com.witontek.ehospital2.test.DepartmentManageTest">
        <test-method status="PASS" signature="beforeTest()[pri:0, instance:com.witontek.ehospital2.test.DepartmentManageTest@2c9f9fb0]" name="beforeTest" is-config="true" duration-ms="5211" started-at="2017-11-13T09:37:59Z" finished-at="2017-11-13T09:38:04Z">
          <reporter-output>
            <line>
              <![CDATA[<span style='color:blue'>【info】com.witontek.ehospital2.base.DriverUtils:打开谷歌浏览器</span><br />]]>
            </line>
          </reporter-output>
        </test-method> <!-- beforeTest -->
        <test-method status="PASS" signature="beforeMethod()[pri:0, instance:com.witontek.ehospital2.test.DepartmentManageTest@2c9f9fb0]" name="beforeMethod" is-config="true" duration-ms="15873" started-at="2017-11-13T09:38:05Z" finished-at="2017-11-13T09:38:21Z">
          <reporter-output>
            <line>
              <![CDATA[<span style='color:blue'>【info】com.witontek.ehospital2.base.BrowserUtils:打开网址:http://yltest.witontek.com/ehospital3web/web/admin.html#!/</span><br />]]>
            </line>
            <line>
              <![CDATA[<span style='color:blue'>【info】com.witontek.ehospital2.base.WebElementsUtils:在用户名输入框输入：sqsrmyyadmin</span><br />]]>
            </line>
            <line>
              <![CDATA[<span style='color:blue'>【info】com.witontek.ehospital2.base.WebElementsUtils:在密码输入框输入：admin</span><br />]]>
            </line>
            <line>
              <![CDATA[<span style='color:blue'>【info】com.witontek.ehospital2.base.WebElementsUtils:在验证码输入框输入：1111</span><br />]]>
            </line>
            <line>
              <![CDATA[<span style='color:blue'>【info】com.witontek.ehospital2.base.WebElementsUtils:点击登录按钮</span><br />]]>
            </line>
          </reporter-output>
        </test-method> <!-- beforeMethod -->
        <test-method status="PASS" signature="insertDepartmentsCategory(java.lang.String, java.lang.String, java.util.Map)[pri:0, instance:com.witontek.ehospital2.test.DepartmentManageTest@2c9f9fb0]" name="insertDepartmentsCategory" duration-ms="6755" started-at="2017-11-13T09:38:21Z" data-provider="insertDepartmentsCategory" finished-at="2017-11-13T09:38:28Z">
          <params>
            <param index="0">
              <value>
                <![CDATA[新增一级科室成功]]>
              </value>
            </param>
            <param index="1">
              <value>
                <![CDATA[睿博一级科室]]>
              </value>
            </param>
            <param index="2">
              <value>
                <![CDATA[{categoryName=睿博一级科室, categoryCode=123456}]]>
              </value>
            </param>
          </params>
          <reporter-output>
            <line>
              <![CDATA[<span style='color:blue'>【info】com.witontek.ehospital2.base.WebElementsUtils:点击业务信息管理</span><br />]]>
            </line>
            <line>
              <![CDATA[<span style='color:blue'>【info】com.witontek.ehospital2.base.WebElementsUtils:点击科室管理</span><br />]]>
            </line>
            <line>
              <![CDATA[<span style='color:blue'>【info】com.witontek.ehospital2.base.WebElementsUtils:点击科室管理-新增一级科室按钮</span><br />]]>
            </line>
            <line>
              <![CDATA[<span style='color:blue'>【info】com.witontek.ehospital2.base.WebElementsUtils:在新增一级科室-科室名称输入框输入：睿博一级科室</span><br />]]>
            </line>
            <line>
              <![CDATA[<span style='color:blue'>【info】com.witontek.ehospital2.base.WebElementsUtils:在新增一级科室-科室编码输入框输入：123456</span><br />]]>
            </line>
            <line>
              <![CDATA[<span style='color:blue'>【info】com.witontek.ehospital2.base.WebElementsUtils:点击新增一级科室-保存按钮</span><br />]]>
            </line>
            <line>
              <![CDATA[<span style='color:blue'>【info】com.witontek.ehospital2.base.WebElementsUtils:点击科室管理-弹框关闭按钮</span><br />]]>
            </line>
            <line>
              <![CDATA[<span style='color:blue'>【info】com.witontek.ehospital2.base.BrowserUtils:等待1秒</span><br />]]>
            </line>
            <line>
              <![CDATA[<span style='color:blue'>【info】com.witontek.ehospital2.base.WebElementsUtils:点击科室管理-最末页按钮</span><br />]]>
            </line>
            <line>
              <![CDATA[<span style='color:blue'>【info】com.witontek.ehospital2.base.WebElementsUtils:获取科室管理-被验证的新增一级科室名称的文本信息</span><br />]]>
            </line>
            <line>
              <![CDATA[<span style='color:blue'>【info】com.witontek.ehospital2.page.DepartmentManagePage:被验证的新增一级科室名称：睿博一级科室</span><br />]]>
            </line>
            <line>
              <![CDATA[<span style='color:blue'>【info】com.witontek.ehospital2.base.AssertUtils:实际结果（睿博一级科室）与预期结果（睿博一级科室）相等，新增一级科室成功</span><br />]]>
            </line>
          </reporter-output>
        </test-method> <!-- insertDepartmentsCategory -->
        <test-method status="PASS" signature="beforeMethod()[pri:0, instance:com.witontek.ehospital2.test.DepartmentManageTest@2c9f9fb0]" name="beforeMethod" is-config="true" duration-ms="1425" started-at="2017-11-13T09:38:28Z" finished-at="2017-11-13T09:38:29Z">
          <reporter-output>
            <line>
              <![CDATA[<span style='color:blue'>【info】com.witontek.ehospital2.base.BrowserUtils:打开网址:http://yltest.witontek.com/ehospital3web/web/admin.html#!/</span><br />]]>
            </line>
            <line>
              <![CDATA[<span style='color:blue'>【info】com.witontek.ehospital2.base.WebElementsUtils:在用户名输入框输入：sqsrmyyadmin</span><br />]]>
            </line>
            <line>
              <![CDATA[<span style='color:blue'>【info】com.witontek.ehospital2.base.WebElementsUtils:在密码输入框输入：admin</span><br />]]>
            </line>
            <line>
              <![CDATA[<span style='color:blue'>【info】com.witontek.ehospital2.base.WebElementsUtils:在验证码输入框输入：1111</span><br />]]>
            </line>
            <line>
              <![CDATA[<span style='color:blue'>【info】com.witontek.ehospital2.base.WebElementsUtils:点击登录按钮</span><br />]]>
            </line>
          </reporter-output>
        </test-method> <!-- beforeMethod -->
        <test-method status="PASS" signature="moveTopDepartmentCategory()[pri:0, instance:com.witontek.ehospital2.test.DepartmentManageTest@2c9f9fb0]" name="moveTopDepartmentCategory" duration-ms="4294" started-at="2017-11-13T09:38:29Z" depends-on-methods="com.witontek.ehospital2.test.DepartmentManageTest.insertDepartmentsCategory" finished-at="2017-11-13T09:38:34Z">
          <reporter-output>
            <line>
              <![CDATA[<span style='color:blue'>【info】com.witontek.ehospital2.base.WebElementsUtils:获取科室管理-序号1的一级科室名称的文本信息</span><br />]]>
            </line>
            <line>
              <![CDATA[<span style='color:blue'>【info】com.witontek.ehospital2.page.DepartmentManagePage:序号为1的一级科室名称：作废科室</span><br />]]>
            </line>
            <line>
              <![CDATA[<span style='color:blue'>【info】com.witontek.ehospital2.base.WebElementsUtils:点击科室管理-最末页按钮</span><br />]]>
            </line>
            <line>
              <![CDATA[<span style='color:blue'>【info】com.witontek.ehospital2.base.WebElementsUtils:点击科室管理-置顶按钮</span><br />]]>
            </line>
            <line>
              <![CDATA[<span style='color:blue'>【info】com.witontek.ehospital2.base.WebElementsUtils:点击科室管理-弹框关闭按钮</span><br />]]>
            </line>
            <line>
              <![CDATA[<span style='color:blue'>【info】com.witontek.ehospital2.base.BrowserUtils:等待1秒</span><br />]]>
            </line>
            <line>
              <![CDATA[<span style='color:blue'>【info】com.witontek.ehospital2.base.WebElementsUtils:点击科室管理-第一页按钮</span><br />]]>
            </line>
            <line>
              <![CDATA[<span style='color:blue'>【info】com.witontek.ehospital2.base.BrowserUtils:等待1秒</span><br />]]>
            </line>
            <line>
              <![CDATA[<span style='color:blue'>【info】com.witontek.ehospital2.base.WebElementsUtils:获取科室管理-序号1的一级科室名称的文本信息</span><br />]]>
            </line>
            <line>
              <![CDATA[<span style='color:blue'>【info】com.witontek.ehospital2.page.DepartmentManagePage:序号为1的一级科室名称：睿博一级科室</span><br />]]>
            </line>
            <line>
              <![CDATA[<span style='color:blue'>【info】com.witontek.ehospital2.business.DepartmentMange:置顶一级科室成功</span><br />]]>
            </line>
          </reporter-output>
        </test-method> <!-- moveTopDepartmentCategory -->
        <test-method status="PASS" signature="beforeMethod()[pri:0, instance:com.witontek.ehospital2.test.DepartmentManageTest@2c9f9fb0]" name="beforeMethod" is-config="true" duration-ms="1450" started-at="2017-11-13T09:38:34Z" finished-at="2017-11-13T09:38:35Z">
          <reporter-output>
            <line>
              <![CDATA[<span style='color:blue'>【info】com.witontek.ehospital2.base.BrowserUtils:打开网址:http://yltest.witontek.com/ehospital3web/web/admin.html#!/</span><br />]]>
            </line>
            <line>
              <![CDATA[<span style='color:blue'>【info】com.witontek.ehospital2.base.WebElementsUtils:在用户名输入框输入：sqsrmyyadmin</span><br />]]>
            </line>
            <line>
              <![CDATA[<span style='color:blue'>【info】com.witontek.ehospital2.base.WebElementsUtils:在密码输入框输入：admin</span><br />]]>
            </line>
            <line>
              <![CDATA[<span style='color:blue'>【info】com.witontek.ehospital2.base.WebElementsUtils:在验证码输入框输入：1111</span><br />]]>
            </line>
            <line>
              <![CDATA[<span style='color:blue'>【info】com.witontek.ehospital2.base.WebElementsUtils:点击登录按钮</span><br />]]>
            </line>
          </reporter-output>
        </test-method> <!-- beforeMethod -->
        <test-method status="PASS" signature="updateDepartmentCategory(java.lang.String, java.lang.String, java.util.Map)[pri:0, instance:com.witontek.ehospital2.test.DepartmentManageTest@2c9f9fb0]" name="updateDepartmentCategory" duration-ms="4081" started-at="2017-11-13T09:38:35Z" data-provider="updateDepartmentCategory" depends-on-methods="com.witontek.ehospital2.test.DepartmentManageTest.moveTopDepartmentCategory" finished-at="2017-11-13T09:38:39Z">
          <params>
            <param index="0">
              <value>
                <![CDATA[编辑一级科室成功]]>
              </value>
            </param>
            <param index="1">
              <value>
                <![CDATA[睿博一级科室（改）]]>
              </value>
            </param>
            <param index="2">
              <value>
                <![CDATA[{categoryName=睿博一级科室（改）, categoryCode=111111}]]>
              </value>
            </param>
          </params>
          <reporter-output>
            <line>
              <![CDATA[<span style='color:blue'>【info】com.witontek.ehospital2.base.WebElementsUtils:点击科室管理-编辑按钮</span><br />]]>
            </line>
            <line>
              <![CDATA[<span style='color:blue'>【info】com.witontek.ehospital2.base.WebElementsUtils:清空编辑一级科室-科室名称输入框</span><br />]]>
            </line>
            <line>
              <![CDATA[<span style='color:blue'>【info】com.witontek.ehospital2.base.WebElementsUtils:在编辑一级科室-科室名称输入框输入：睿博一级科室（改）</span><br />]]>
            </line>
            <line>
              <![CDATA[<span style='color:blue'>【info】com.witontek.ehospital2.base.WebElementsUtils:清空编辑一级科室-科室编码输入框</span><br />]]>
            </line>
            <line>
              <![CDATA[<span style='color:blue'>【info】com.witontek.ehospital2.base.WebElementsUtils:在编辑一级科室-科室编码输入框输入：111111</span><br />]]>
            </line>
            <line>
              <![CDATA[<span style='color:blue'>【info】com.witontek.ehospital2.base.WebElementsUtils:点击编辑一级科室-修改按钮</span><br />]]>
            </line>
            <line>
              <![CDATA[<span style='color:blue'>【info】com.witontek.ehospital2.base.WebElementsUtils:点击科室管理-弹框关闭按钮</span><br />]]>
            </line>
            <line>
              <![CDATA[<span style='color:blue'>【info】com.witontek.ehospital2.base.BrowserUtils:等待1秒</span><br />]]>
            </line>
            <line>
              <![CDATA[<span style='color:blue'>【info】com.witontek.ehospital2.base.WebElementsUtils:获取科室管理-序号1的一级科室名称的文本信息</span><br />]]>
            </line>
            <line>
              <![CDATA[<span style='color:blue'>【info】com.witontek.ehospital2.page.DepartmentManagePage:序号为1的一级科室名称：睿博一级科室（改）</span><br />]]>
            </line>
            <line>
              <![CDATA[<span style='color:blue'>【info】com.witontek.ehospital2.base.AssertUtils:实际结果（睿博一级科室（改））与预期结果（睿博一级科室（改））相等，编辑一级科室成功</span><br />]]>
            </line>
          </reporter-output>
        </test-method> <!-- updateDepartmentCategory -->
        <test-method status="PASS" signature="beforeMethod()[pri:0, instance:com.witontek.ehospital2.test.DepartmentManageTest@2c9f9fb0]" name="beforeMethod" is-config="true" duration-ms="1406" started-at="2017-11-13T09:38:39Z" finished-at="2017-11-13T09:38:41Z">
          <reporter-output>
            <line>
              <![CDATA[<span style='color:blue'>【info】com.witontek.ehospital2.base.BrowserUtils:打开网址:http://yltest.witontek.com/ehospital3web/web/admin.html#!/</span><br />]]>
            </line>
            <line>
              <![CDATA[<span style='color:blue'>【info】com.witontek.ehospital2.base.WebElementsUtils:在用户名输入框输入：sqsrmyyadmin</span><br />]]>
            </line>
            <line>
              <![CDATA[<span style='color:blue'>【info】com.witontek.ehospital2.base.WebElementsUtils:在密码输入框输入：admin</span><br />]]>
            </line>
            <line>
              <![CDATA[<span style='color:blue'>【info】com.witontek.ehospital2.base.WebElementsUtils:在验证码输入框输入：1111</span><br />]]>
            </line>
            <line>
              <![CDATA[<span style='color:blue'>【info】com.witontek.ehospital2.base.WebElementsUtils:点击登录按钮</span><br />]]>
            </line>
          </reporter-output>
        </test-method> <!-- beforeMethod -->
        <test-method status="PASS" signature="deleteDepartmentCategory()[pri:0, instance:com.witontek.ehospital2.test.DepartmentManageTest@2c9f9fb0]" name="deleteDepartmentCategory" duration-ms="2526" started-at="2017-11-13T09:38:41Z" depends-on-methods="com.witontek.ehospital2.test.DepartmentManageTest.updateDepartmentCategory" finished-at="2017-11-13T09:38:43Z">
          <reporter-output>
            <line>
              <![CDATA[<span style='color:blue'>【info】com.witontek.ehospital2.base.WebElementsUtils:获取科室管理-总记录数的文本信息</span><br />]]>
            </line>
            <line>
              <![CDATA[<span style='color:blue'>【info】com.witontek.ehospital2.page.DepartmentManagePage:一级科室总数：16</span><br />]]>
            </line>
            <line>
              <![CDATA[<span style='color:blue'>【info】com.witontek.ehospital2.base.WebElementsUtils:点击科室管理-删除按钮</span><br />]]>
            </line>
            <line>
              <![CDATA[<span style='color:blue'>【info】com.witontek.ehospital2.base.WebElementsUtils:点击科室管理-弹框关闭按钮</span><br />]]>
            </line>
            <line>
              <![CDATA[<span style='color:blue'>【info】com.witontek.ehospital2.base.BrowserUtils:等待1秒</span><br />]]>
            </line>
            <line>
              <![CDATA[<span style='color:blue'>【info】com.witontek.ehospital2.base.WebElementsUtils:获取科室管理-总记录数的文本信息</span><br />]]>
            </line>
            <line>
              <![CDATA[<span style='color:blue'>【info】com.witontek.ehospital2.page.DepartmentManagePage:一级科室总数：15</span><br />]]>
            </line>
            <line>
              <![CDATA[<span style='color:blue'>【info】com.witontek.ehospital2.business.DepartmentMange:删除后一级科室总数与删除前不一致，删除一级科室成功</span><br />]]>
            </line>
          </reporter-output>
        </test-method> <!-- deleteDepartmentCategory -->
        <test-method status="PASS" signature="afterTest()[pri:0, instance:com.witontek.ehospital2.test.DepartmentManageTest@2c9f9fb0]" name="afterTest" is-config="true" duration-ms="4014" started-at="2017-11-13T09:38:43Z" finished-at="2017-11-13T09:38:47Z">
          <reporter-output>
            <line>
              <![CDATA[<span style='color:blue'>【info】com.witontek.ehospital2.base.BrowserUtils:等待3秒</span><br />]]>
            </line>
            <line>
              <![CDATA[<span style='color:blue'>【info】com.witontek.ehospital2.base.BrowserUtils:退出浏览器</span><br />]]>
            </line>
          </reporter-output>
        </test-method> <!-- afterTest -->
      </class> <!-- com.witontek.ehospital2.test.DepartmentManageTest -->
      <class name="com.witontek.ehospital2.test.DoctorManageTest">
        <test-method status="PASS" signature="beforeTest()[pri:0, instance:com.witontek.ehospital2.test.DoctorManageTest@234bef66]" name="beforeTest" is-config="true" duration-ms="4083" started-at="2017-11-13T09:38:47Z" finished-at="2017-11-13T09:38:51Z">
          <reporter-output>
            <line>
              <![CDATA[<span style='color:blue'>【info】com.witontek.ehospital2.base.DriverUtils:打开谷歌浏览器</span><br />]]>
            </line>
          </reporter-output>
        </test-method> <!-- beforeTest -->
        <test-method status="PASS" signature="beforeMethod()[pri:0, instance:com.witontek.ehospital2.test.DoctorManageTest@234bef66]" name="beforeMethod" is-config="true" duration-ms="16251" started-at="2017-11-13T09:38:52Z" finished-at="2017-11-13T09:39:08Z">
          <reporter-output>
            <line>
              <![CDATA[<span style='color:blue'>【info】com.witontek.ehospital2.base.BrowserUtils:打开网址:http://yltest.witontek.com/ehospital3web/web/admin.html#!/</span><br />]]>
            </line>
            <line>
              <![CDATA[<span style='color:blue'>【info】com.witontek.ehospital2.base.WebElementsUtils:在用户名输入框输入：sqsrmyyadmin</span><br />]]>
            </line>
            <line>
              <![CDATA[<span style='color:blue'>【info】com.witontek.ehospital2.base.WebElementsUtils:在密码输入框输入：admin</span><br />]]>
            </line>
            <line>
              <![CDATA[<span style='color:blue'>【info】com.witontek.ehospital2.base.WebElementsUtils:在验证码输入框输入：1111</span><br />]]>
            </line>
            <line>
              <![CDATA[<span style='color:blue'>【info】com.witontek.ehospital2.base.WebElementsUtils:点击登录按钮</span><br />]]>
            </line>
          </reporter-output>
        </test-method> <!-- beforeMethod -->
        <test-method status="PASS" signature="searchDocManDoctor(java.lang.String, java.lang.String, java.util.Map)[pri:0, instance:com.witontek.ehospital2.test.DoctorManageTest@234bef66]" name="searchDocManDoctor" duration-ms="3218" started-at="2017-11-13T09:39:08Z" data-provider="searchDocManDoctor" finished-at="2017-11-13T09:39:11Z">
          <params>
            <param index="0">
              <value>
                <![CDATA[搜索成功]]>
              </value>
            </param>
            <param index="1">
              <value>
                <![CDATA[贾西贝]]>
              </value>
            </param>
            <param index="2">
              <value>
                <![CDATA[{searchCondition=西}]]>
              </value>
            </param>
          </params>
          <reporter-output>
            <line>
              <![CDATA[<span style='color:blue'>【info】com.witontek.ehospital2.base.WebElementsUtils:点击业务信息管理</span><br />]]>
            </line>
            <line>
              <![CDATA[<span style='color:blue'>【info】com.witontek.ehospital2.base.WebElementsUtils:点击医生管理</span><br />]]>
            </line>
            <line>
              <![CDATA[<span style='color:blue'>【info】com.witontek.ehospital2.base.WebElementsUtils:在医生管理-医生名称输入框输入：西</span><br />]]>
            </line>
            <line>
              <![CDATA[<span style='color:blue'>【info】com.witontek.ehospital2.base.WebElementsUtils:点击医生管理-搜索医生按钮</span><br />]]>
            </line>
            <line>
              <![CDATA[<span style='color:blue'>【info】com.witontek.ehospital2.base.BrowserUtils:等待1秒</span><br />]]>
            </line>
            <line>
              <![CDATA[<span style='color:blue'>【info】com.witontek.ehospital2.base.WebElementsUtils:获取医生管理-医生姓名的文本信息</span><br />]]>
            </line>
            <line>
              <![CDATA[<span style='color:blue'>【info】com.witontek.ehospital2.page.DoctorManagePage:医生姓名："贾西贝"</span><br />]]>
            </line>
            <line>
              <![CDATA[<span style='color:blue'>【info】com.witontek.ehospital2.base.AssertUtils:实际结果（贾西贝）包含预期结果（贾西贝），搜索成功</span><br />]]>
            </line>
          </reporter-output>
        </test-method> <!-- searchDocManDoctor -->
        <test-method status="PASS" signature="afterTest()[pri:0, instance:com.witontek.ehospital2.test.DoctorManageTest@234bef66]" name="afterTest" is-config="true" duration-ms="3875" started-at="2017-11-13T09:39:11Z" finished-at="2017-11-13T09:39:15Z">
          <reporter-output>
            <line>
              <![CDATA[<span style='color:blue'>【info】com.witontek.ehospital2.base.BrowserUtils:等待3秒</span><br />]]>
            </line>
            <line>
              <![CDATA[<span style='color:blue'>【info】com.witontek.ehospital2.base.BrowserUtils:退出浏览器</span><br />]]>
            </line>
          </reporter-output>
        </test-method> <!-- afterTest -->
      </class> <!-- com.witontek.ehospital2.test.DoctorManageTest -->
    </test> <!-- Command line test -->
  </suite> <!-- Command line suite -->
</testng-results>
