-------------------------------------------------------------------------------
Test set: TestSuite
-------------------------------------------------------------------------------
Tests run: 12, Failures: 3, Errors: 0, Skipped: 3, Time elapsed: 177.293 sec <<< FAILURE!
insertDepartmentsCategory(com.witontek.ehospital2.test.DepartmentManageTest)  Time elapsed: 15.444 sec  <<< FAILURE!
java.lang.AssertionError: 故意断言失败，并中断执行此用例 expected [2] but found [1]
	at org.testng.Assert.fail(Assert.java:93)
	at org.testng.Assert.failNotEquals(Assert.java:512)
	at org.testng.Assert.assertEqualsImpl(Assert.java:134)
	at org.testng.Assert.assertEquals(Assert.java:115)
	at org.testng.Assert.assertEquals(Assert.java:388)
	at com.witontek.ehospital2.base.Log.errorShot(Log.java:49)
	at com.witontek.ehospital2.base.WebElementsUtils.getElement(WebElementsUtils.java:31)
	at com.witontek.ehospital2.base.WebElementsUtils$1.apply(WebElementsUtils.java:57)
	at com.witontek.ehospital2.base.WebElementsUtils$1.apply(WebElementsUtils.java:54)
	at org.openqa.selenium.support.ui.FluentWait.until(FluentWait.java:209)
	at com.witontek.ehospital2.base.WebElementsUtils.findElement(WebElementsUtils.java:54)
	at com.witontek.ehospital2.base.WebElementsUtils.click(WebElementsUtils.java:69)
	at com.witontek.ehospital2.page.DepartmentManagePage.clickDepManLastPageButton(DepartmentManagePage.java:265)
	at com.witontek.ehospital2.business.DepartmentMange.insertDepartmentsCategory(DepartmentMange.java:59)
	at com.witontek.ehospital2.test.DepartmentManageTest.insertDepartmentsCategory(DepartmentManageTest.java:57)

searchDocManDoctor(com.witontek.ehospital2.test.DoctorManageTest)  Time elapsed: 1.202 sec  <<< FAILURE!
java.lang.AssertionError: 故意断言失败，并中断执行此用例 expected [2] but found [1]
	at org.testng.Assert.fail(Assert.java:93)
	at org.testng.Assert.failNotEquals(Assert.java:512)
	at org.testng.Assert.assertEqualsImpl(Assert.java:134)
	at org.testng.Assert.assertEquals(Assert.java:115)
	at org.testng.Assert.assertEquals(Assert.java:388)
	at com.witontek.ehospital2.base.Log.errorShot(Log.java:49)
	at com.witontek.ehospital2.base.WebElementsUtils.click(WebElementsUtils.java:71)
	at com.witontek.ehospital2.page.MainPage.clickDoctorManageButton(MainPage.java:114)
	at com.witontek.ehospital2.business.DoctorManage.searchDocManDoctor(DoctorManage.java:17)
	at com.witontek.ehospital2.test.DoctorManageTest.searchDocManDoctor(DoctorManageTest.java:31)

searchSecondDepartmentsByName(com.witontek.ehospital2.test.SecondLevelDepartmentTest)  Time elapsed: 3.519 sec  <<< FAILURE!
java.lang.AssertionError: 故意断言失败，并中断执行此用例 expected [2] but found [1]
	at org.testng.Assert.fail(Assert.java:93)
	at org.testng.Assert.failNotEquals(Assert.java:512)
	at org.testng.Assert.assertEqualsImpl(Assert.java:134)
	at org.testng.Assert.assertEquals(Assert.java:115)
	at org.testng.Assert.assertEquals(Assert.java:388)
	at com.witontek.ehospital2.base.Log.errorShot(Log.java:49)
	at com.witontek.ehospital2.base.WebElementsUtils.getElement(WebElementsUtils.java:44)
	at com.witontek.ehospital2.base.WebElementsUtils$1.apply(WebElementsUtils.java:57)
	at com.witontek.ehospital2.base.WebElementsUtils$1.apply(WebElementsUtils.java:54)
	at org.openqa.selenium.support.ui.FluentWait.until(FluentWait.java:209)
	at com.witontek.ehospital2.base.WebElementsUtils.findElement(WebElementsUtils.java:54)
	at com.witontek.ehospital2.base.WebElementsUtils.getText(WebElementsUtils.java:118)
	at com.witontek.ehospital2.page.SecondLevelDepartmentPage.getSecLevFirstDepartmentName(SecondLevelDepartmentPage.java:162)
	at com.witontek.ehospital2.business.SecondLevelDepartment.searchSecondDepartmentsByName(SecondLevelDepartment.java:23)
	at com.witontek.ehospital2.test.SecondLevelDepartmentTest.searchSecondDepartmentsByName(SecondLevelDepartmentTest.java:32)

