<?xml version="1.0" encoding="UTF-8" ?>
<testsuite tests="5" failures="0" name="TestSuite" time="31.797" errors="0" skipped="0">
  <properties>
[...]
</properties>
  <testcase classname="com.witontek.ehospital2.test.DepartmentManageTest" name="searchDepartmentCategoryByName" time="4.405"/>
  <testcase classname="com.witontek.ehospital2.test.DoctorManageTest" name="searchDocManDoctor" time="3.843"/>
  <testcase classname="com.witontek.ehospital2.test.HospitalInformationTest" name="updateHospitalInformation" time="5.759"/>
  <testcase classname="com.witontek.ehospital2.test.LoginTest" name="loginSuccess" time="14.542"/>
  <testcase classname="com.witontek.ehospital2.test.SubscriptionManageTest" name="selectSubscriptionDate" time="3.248"/>
</testsuite>