<?xml version="1.0" encoding="UTF-8"?>
<!-- Generated by org.testng.reporters.JUnitXMLReporter -->
<testsuite hostname="USER-20160525XQ" ignored="0" name="Command line test" tests="3" failures="0" timestamp="28 九月 2017 13:06:03 GMT" time="23.923" errors="0">
  <testcase name="loginFail" time="8.189" classname="com.witontek.ehospital2.test.LoginTest"/>
  <testcase name="loginFail" time="1.001" classname="com.witontek.ehospital2.test.LoginTest"/>
  <testcase name="loginSuccess" time="2.241" classname="com.witontek.ehospital2.test.LoginTest"/>
</testsuite> <!-- Command line test -->
